Flow report for adderSubtractor
Sat Feb 24 21:43:39 2018
Quartus II 64-Bit Version 13.0.1 Build 232 06/12/2013 Service Pack 1 SJ Web Edition


---------------------
; Table of Contents ;
---------------------
  1. Legal Notice
  2. Flow Summary
  3. Flow Settings
  4. Flow Non-Default Global Settings
  5. Flow Elapsed Time
  6. Flow OS Summary
  7. Flow Log
  8. Flow Messages
  9. Flow Suppressed Messages



----------------
; Legal Notice ;
----------------
Copyright (C) 1991-2013 Altera Corporation
Your use of Altera Corporation's design tools, logic functions 
and other software and tools, and its AMPP partner logic 
functions, and any output files from any of the foregoing 
(including device programming or simulation files), and any 
associated documentation or information are expressly subject 
to the terms and conditions of the Altera Program License 
Subscription Agreement, Altera MegaCore Function License 
Agreement, or other applicable license agreement, including, 
without limitation, that your use is for the sole purpose of 
programming logic devices manufactured by Altera and sold by 
Altera or its authorized distributors.  Please refer to the 
applicable agreement for further details.



+--------------------------------------------------------------------------------------+
; Flow Summary                                                                         ;
+------------------------------------+-------------------------------------------------+
; Flow Status                        ; Successful - Sat Feb 24 21:43:39 2018           ;
; Quartus II 64-Bit Version          ; 13.0.1 Build 232 06/12/2013 SP 1 SJ Web Edition ;
; Revision Name                      ; adderSubtractor                                 ;
; Top-level Entity Name              ; thirtyTwoBitRippleCarryAdder                    ;
; Family                             ; Cyclone III                                     ;
; Device                             ; EP3C16F484C8                                    ;
; Timing Models                      ; Final                                           ;
; Total logic elements               ; 72 / 15,408 ( < 1 % )                           ;
;     Total combinational functions  ; 72 / 15,408 ( < 1 % )                           ;
;     Dedicated logic registers      ; 0 / 15,408 ( 0 % )                              ;
; Total registers                    ; 0                                               ;
; Total pins                         ; 98 / 347 ( 28 % )                               ;
; Total virtual pins                 ; 0                                               ;
; Total memory bits                  ; 0 / 516,096 ( 0 % )                             ;
; Embedded Multiplier 9-bit elements ; 0 / 112 ( 0 % )                                 ;
; Total PLLs                         ; 0 / 4 ( 0 % )                                   ;
+------------------------------------+-------------------------------------------------+


+-----------------------------------------+
; Flow Settings                           ;
+-------------------+---------------------+
; Option            ; Setting             ;
+-------------------+---------------------+
; Start date & time ; 02/24/2018 21:43:21 ;
; Main task         ; Compilation         ;
; Revision Name     ; adderSubtractor     ;
+-------------------+---------------------+


+------------------------------------------------------------------------------------------------------------------------------------------------+
; Flow Non-Default Global Settings                                                                                                               ;
+--------------------------------------+---------------------------------------+-----------------+------------------------------+----------------+
; Assignment Name                      ; Value                                 ; Default Value   ; Entity Name                  ; Section Id     ;
+--------------------------------------+---------------------------------------+-----------------+------------------------------+----------------+
; COMPILER_SIGNATURE_ID                ; 216116579802136.151952660111148       ; --              ; --                           ; --             ;
; EDA_DESIGN_INSTANCE_NAME             ; NA                                    ; --              ; --                           ; testFullAdder  ;
; EDA_NATIVELINK_SIMULATION_TEST_BENCH ; testFullAdder                         ; --              ; --                           ; eda_simulation ;
; EDA_OUTPUT_DATA_FORMAT               ; Vhdl                                  ; --              ; --                           ; eda_simulation ;
; EDA_SIMULATION_TOOL                  ; ModelSim-Altera (VHDL)                ; <None>          ; --                           ; --             ;
; EDA_TEST_BENCH_ENABLE_STATUS         ; TEST_BENCH_MODE                       ; --              ; --                           ; eda_simulation ;
; EDA_TEST_BENCH_FILE                  ; adderSubtractor_tb.vhd                ; --              ; --                           ; testFullAdder  ;
; EDA_TEST_BENCH_MODULE_NAME           ; testFullAdder                         ; --              ; --                           ; testFullAdder  ;
; EDA_TEST_BENCH_NAME                  ; testFullAdder                         ; --              ; --                           ; eda_simulation ;
; EDA_TEST_BENCH_RUN_SIM_FOR           ; 200 ns                                ; --              ; --                           ; testFullAdder  ;
; MAX_CORE_JUNCTION_TEMP               ; 85                                    ; --              ; --                           ; --             ;
; MIN_CORE_JUNCTION_TEMP               ; 0                                     ; --              ; --                           ; --             ;
; PARTITION_COLOR                      ; 16764057                              ; --              ; thirtyTwoBitRippleCarryAdder ; Top            ;
; PARTITION_FITTER_PRESERVATION_LEVEL  ; PLACEMENT_AND_ROUTING                 ; --              ; thirtyTwoBitRippleCarryAdder ; Top            ;
; PARTITION_NETLIST_TYPE               ; SOURCE                                ; --              ; thirtyTwoBitRippleCarryAdder ; Top            ;
; POWER_BOARD_THERMAL_MODEL            ; None (CONSERVATIVE)                   ; --              ; --                           ; --             ;
; POWER_PRESET_COOLING_SOLUTION        ; 23 MM HEAT SINK WITH 200 LFPM AIRFLOW ; --              ; --                           ; --             ;
; PROJECT_OUTPUT_DIRECTORY             ; output_files                          ; --              ; --                           ; --             ;
; TOP_LEVEL_ENTITY                     ; thirtyTwoBitRippleCarryAdder          ; adderSubtractor ; --                           ; --             ;
+--------------------------------------+---------------------------------------+-----------------+------------------------------+----------------+


+-------------------------------------------------------------------------------------------------------------------------------+
; Flow Elapsed Time                                                                                                             ;
+---------------------------+--------------+-------------------------+---------------------+------------------------------------+
; Module Name               ; Elapsed Time ; Average Processors Used ; Peak Virtual Memory ; Total CPU Time (on all processors) ;
+---------------------------+--------------+-------------------------+---------------------+------------------------------------+
; Analysis & Synthesis      ; 00:00:03     ; 1.0                     ; 545 MB              ; 00:00:02                           ;
; Fitter                    ; 00:00:06     ; 1.0                     ; 807 MB              ; 00:00:07                           ;
; Assembler                 ; 00:00:01     ; 1.0                     ; 479 MB              ; 00:00:01                           ;
; TimeQuest Timing Analyzer ; 00:00:03     ; 1.0                     ; 525 MB              ; 00:00:03                           ;
; EDA Netlist Writer        ; 00:00:01     ; 1.0                     ; 424 MB              ; 00:00:01                           ;
; Total                     ; 00:00:14     ; --                      ; --                  ; 00:00:14                           ;
+---------------------------+--------------+-------------------------+---------------------+------------------------------------+


+----------------------------------------------------------------------------------------+
; Flow OS Summary                                                                        ;
+---------------------------+------------------+-----------+------------+----------------+
; Module Name               ; Machine Hostname ; OS Name   ; OS Version ; Processor type ;
+---------------------------+------------------+-----------+------------+----------------+
; Analysis & Synthesis      ; IOn              ; Windows 7 ; 6.2        ; x86_64         ;
; Fitter                    ; IOn              ; Windows 7 ; 6.2        ; x86_64         ;
; Assembler                 ; IOn              ; Windows 7 ; 6.2        ; x86_64         ;
; TimeQuest Timing Analyzer ; IOn              ; Windows 7 ; 6.2        ; x86_64         ;
; EDA Netlist Writer        ; IOn              ; Windows 7 ; 6.2        ; x86_64         ;
+---------------------------+------------------+-----------+------------+----------------+


------------
; Flow Log ;
------------
quartus_map --read_settings_files=on --write_settings_files=off adderSubtractor -c adderSubtractor
quartus_fit --read_settings_files=off --write_settings_files=off adderSubtractor -c adderSubtractor
quartus_asm --read_settings_files=off --write_settings_files=off adderSubtractor -c adderSubtractor
quartus_sta adderSubtractor -c adderSubtractor
quartus_eda --read_settings_files=off --write_settings_files=off adderSubtractor -c adderSubtractor



